build/outputs/logs/manifest-merger-debug-report.txt
-- Merging decision tree log ---
manifest
ADDED from platforms\android\AndroidManifest.xml:2:1-151:12
	package
		ADDED from platforms\android\AndroidManifest.xml:2:102-128
		INJECTED from platforms\android\AndroidManifest.xml
		INJECTED from platforms\android\AndroidManifest.xml
	android:versionName
		ADDED from platforms\android\AndroidManifest.xml:2:74-101
		INJECTED from platforms\android\AndroidManifest.xml
		INJECTED from platforms\android\AndroidManifest.xml
	android:hardwareAccelerated
		ADDED from platforms\android\AndroidManifest.xml:2:11-45
	android:versionCode
		ADDED from platforms\android\AndroidManifest.xml:2:46-73
		INJECTED from platforms\android\AndroidManifest.xml
		INJECTED from platforms\android\AndroidManifest.xml
	xmlns:android
		ADDED from platforms\android\AndroidManifest.xml:2:129-187
supports-screens
ADDED from platforms\android\AndroidManifest.xml:3:5-191
	android:largeScreens
		ADDED from platforms\android\AndroidManifest.xml:3:49-76
	android:smallScreens
		ADDED from platforms\android\AndroidManifest.xml:3:132-159
	android:normalScreens
		ADDED from platforms\android\AndroidManifest.xml:3:77-105
	android:xlargeScreens
		ADDED from platforms\android\AndroidManifest.xml:3:160-188
	android:resizeable
		ADDED from platforms\android\AndroidManifest.xml:3:106-131
	android:anyDensity
		ADDED from platforms\android\AndroidManifest.xml:3:23-48
application
ADDED from platforms\android\AndroidManifest.xml:4:5-118:19
MERGED from [:barcodescanner:] AndroidManifest.xml:11:5-14:19
MERGED from [com.github.ergovia-mobile:android-transcoder:v0.1.10R_ergovia] AndroidManifest.xml:9:5-20
MERGED from [:openDefault-2.0.3:] AndroidManifest.xml:11:5-28:19
MERGED from [com.android.support:support-v13:23.4.0] AndroidManifest.xml:22:5-20
MERGED from [com.android.support:support-v4:26.0.0] AndroidManifest.xml:25:5-29:19
MERGED from [com.android.support:support-compat:26.0.0] AndroidManifest.xml:25:5-29:19
MERGED from [com.android.support:support-media-compat:26.0.0] AndroidManifest.xml:25:5-29:19
MERGED from [com.android.support:support-core-utils:26.0.0] AndroidManifest.xml:25:5-29:19
MERGED from [com.android.support:support-core-ui:26.0.0] AndroidManifest.xml:25:5-29:19
MERGED from [com.android.support:support-fragment:26.0.0] AndroidManifest.xml:25:5-29:19
MERGED from [com.google.android.gms:play-services-gcm:9.0.2] AndroidManifest.xml:24:5-20
MERGED from [com.google.android.gms:play-services-base:9.0.2] AndroidManifest.xml:19:5-23:19
MERGED from [com.google.android.gms:play-services-basement:9.0.2] AndroidManifest.xml:20:5-24:19
MERGED from [com.google.firebase:firebase-common:9.0.2] AndroidManifest.xml:5:5-12:19
MERGED from [com.google.android.gms:play-services-tasks:9.0.2] AndroidManifest.xml:5:5-20
MERGED from [com.google.android.gms:play-services-iid:9.0.2] AndroidManifest.xml:24:5-20
	android:label
		ADDED from platforms\android\AndroidManifest.xml:4:81-113
	android:supportsRtl
		ADDED from platforms\android\AndroidManifest.xml:4:114-140
	android:hardwareAccelerated
		ADDED from platforms\android\AndroidManifest.xml:4:18-52
	android:icon
		ADDED from platforms\android\AndroidManifest.xml:4:53-80
	android:allowBackup
		ADDED from [:barcodescanner:] AndroidManifest.xml:12:9-35
activity#com.YZSoft.gmapp.MainActivity
ADDED from platforms\android\AndroidManifest.xml:5:9-10:20
	android:label
		ADDED from platforms\android\AndroidManifest.xml:5:97-134
	android:launchMode
		ADDED from platforms\android\AndroidManifest.xml:5:135-165
	android:windowSoftInputMode
		ADDED from platforms\android\AndroidManifest.xml:5:257-299
	android:configChanges
		ADDED from platforms\android\AndroidManifest.xml:5:19-96
	android:theme
		ADDED from platforms\android\AndroidManifest.xml:5:194-256
	android:name
		ADDED from platforms\android\AndroidManifest.xml:5:166-193
intent-filter#android.intent.action.MAIN+android.intent.category.LAUNCHER
ADDED from platforms\android\AndroidManifest.xml:6:13-9:29
	android:label
		ADDED from platforms\android\AndroidManifest.xml:6:28-65
action#android.intent.action.MAIN
ADDED from platforms\android\AndroidManifest.xml:7:17-69
	android:name
		ADDED from platforms\android\AndroidManifest.xml:7:25-66
category#android.intent.category.LAUNCHER
ADDED from platforms\android\AndroidManifest.xml:8:17-77
	android:name
		ADDED from platforms\android\AndroidManifest.xml:8:27-74
provider#android.support.v4.content.FileProvider
ADDED from platforms\android\AndroidManifest.xml:11:9-13:20
	android:authorities
		ADDED from platforms\android\AndroidManifest.xml:11:19-66
		INJECTED from platforms\android\AndroidManifest.xml
	android:grantUriPermissions
		ADDED from platforms\android\AndroidManifest.xml:11:92-126
	android:exported
		ADDED from platforms\android\AndroidManifest.xml:11:67-91
	android:name
		ADDED from platforms\android\AndroidManifest.xml:11:127-181
meta-data#android.support.FILE_PROVIDER_PATHS
ADDED from platforms\android\AndroidManifest.xml:12:13-116
	android:resource
		ADDED from platforms\android\AndroidManifest.xml:12:75-113
	android:name
		ADDED from platforms\android\AndroidManifest.xml:12:24-74
activity#com.google.zxing.client.android.CaptureActivity
ADDED from platforms\android\AndroidManifest.xml:14:9-311
	android:clearTaskOnLaunch
		ADDED from platforms\android\AndroidManifest.xml:14:19-51
	android:exported
		ADDED from platforms\android\AndroidManifest.xml:14:114-138
	android:windowSoftInputMode
		ADDED from platforms\android\AndroidManifest.xml:14:261-308
	android:configChanges
		ADDED from platforms\android\AndroidManifest.xml:14:52-113
	android:theme
		ADDED from platforms\android\AndroidManifest.xml:14:202-260
	android:name
		ADDED from platforms\android\AndroidManifest.xml:14:139-201
activity#com.google.zxing.client.android.encode.EncodeActivity
ADDED from platforms\android\AndroidManifest.xml:15:9-112
	android:label
		ADDED from platforms\android\AndroidManifest.xml:15:19-40
	android:name
		ADDED from platforms\android\AndroidManifest.xml:15:41-109
activity#com.synconset.MultiImageChooserActivity
ADDED from platforms\android\AndroidManifest.xml:16:9-163
	android:label
		ADDED from platforms\android\AndroidManifest.xml:16:19-57
	android:theme
		ADDED from platforms\android\AndroidManifest.xml:16:113-160
	android:name
		ADDED from platforms\android\AndroidManifest.xml:16:58-112
provider#io.github.pwlin.cordova.plugins.fileopener2.FileProvider
ADDED from platforms\android\AndroidManifest.xml:17:9-19:20
	android:authorities
		ADDED from platforms\android\AndroidManifest.xml:17:19-73
	android:grantUriPermissions
		ADDED from platforms\android\AndroidManifest.xml:17:99-133
	android:exported
		ADDED from platforms\android\AndroidManifest.xml:17:74-98
	android:name
		ADDED from platforms\android\AndroidManifest.xml:17:134-205
activity#com.YZSoft.gmapp.wxapi.WXEntryActivity
ADDED from platforms\android\AndroidManifest.xml:20:9-26:20
	android:label
		ADDED from platforms\android\AndroidManifest.xml:20:43-80
	android:exported
		ADDED from platforms\android\AndroidManifest.xml:20:19-42
	android:name
		ADDED from platforms\android\AndroidManifest.xml:20:81-118
intent-filter#android.intent.action.VIEW+android.intent.category.DEFAULT
ADDED from platforms\android\AndroidManifest.xml:21:13-25:29
action#android.intent.action.VIEW
ADDED from platforms\android\AndroidManifest.xml:22:17-69
	android:name
		ADDED from platforms\android\AndroidManifest.xml:22:25-66
category#android.intent.category.DEFAULT
ADDED from platforms\android\AndroidManifest.xml:23:17-76
	android:name
		ADDED from platforms\android\AndroidManifest.xml:23:27-73
data
ADDED from platforms\android\AndroidManifest.xml:24:17-61
	android:scheme
		ADDED from platforms\android\AndroidManifest.xml:24:23-58
activity#com.YZSoft.gmapp.wxapi.WXPayEntryActivity
ADDED from platforms\android\AndroidManifest.xml:27:9-33:20
	android:label
		ADDED from platforms\android\AndroidManifest.xml:27:43-80
	android:launchMode
		ADDED from platforms\android\AndroidManifest.xml:27:81-111
	android:exported
		ADDED from platforms\android\AndroidManifest.xml:27:19-42
	android:name
		ADDED from platforms\android\AndroidManifest.xml:27:112-152
activity#com.tencent.tauth.AuthActivity
ADDED from platforms\android\AndroidManifest.xml:34:9-41:20
	android:launchMode
		ADDED from platforms\android\AndroidManifest.xml:34:19-50
	android:noHistory
		ADDED from platforms\android\AndroidManifest.xml:34:97-121
	android:name
		ADDED from platforms\android\AndroidManifest.xml:34:51-96
intent-filter#android.intent.action.VIEW+android.intent.category.BROWSABLE+android.intent.category.DEFAULT
ADDED from platforms\android\AndroidManifest.xml:35:13-40:29
category#android.intent.category.BROWSABLE
ADDED from platforms\android\AndroidManifest.xml:38:17-78
	android:name
		ADDED from platforms\android\AndroidManifest.xml:38:27-75
activity#com.tencent.connect.common.AssistActivity
ADDED from platforms\android\AndroidManifest.xml:42:9-226
	android:screenOrientation
		ADDED from platforms\android\AndroidManifest.xml:42:127-163
	android:configChanges
		ADDED from platforms\android\AndroidManifest.xml:42:19-69
	android:theme
		ADDED from platforms\android\AndroidManifest.xml:42:164-223
	android:name
		ADDED from platforms\android\AndroidManifest.xml:42:70-126
activity#cn.jpush.android.ui.PushActivity
ADDED from platforms\android\AndroidManifest.xml:43:9-49:20
	android:configChanges
		ADDED from platforms\android\AndroidManifest.xml:43:19-69
	android:theme
		ADDED from platforms\android\AndroidManifest.xml:43:118-177
	android:name
		ADDED from platforms\android\AndroidManifest.xml:43:70-117
intent-filter#android.intent.category.DEFAULT+cn.jpush.android.ui.PushActivity+com.YZSoft.gmapp
ADDED from platforms\android\AndroidManifest.xml:44:13-48:29
action#cn.jpush.android.ui.PushActivity
ADDED from platforms\android\AndroidManifest.xml:45:17-75
	android:name
		ADDED from platforms\android\AndroidManifest.xml:45:25-72
category#com.YZSoft.gmapp
ADDED from platforms\android\AndroidManifest.xml:47:17-61
	android:name
		ADDED from platforms\android\AndroidManifest.xml:47:27-58
activity#cn.jpush.android.ui.PopWinActivity
ADDED from platforms\android\AndroidManifest.xml:50:9-133
	android:exported
		ADDED from platforms\android\AndroidManifest.xml:50:19-43
	android:theme
		ADDED from platforms\android\AndroidManifest.xml:50:94-130
	android:name
		ADDED from platforms\android\AndroidManifest.xml:50:44-93
service#cn.jpush.android.service.DownloadService
ADDED from platforms\android\AndroidManifest.xml:51:9-124
	android:enabled
		ADDED from platforms\android\AndroidManifest.xml:51:18-40
	android:exported
		ADDED from platforms\android\AndroidManifest.xml:51:41-65
	android:name
		ADDED from platforms\android\AndroidManifest.xml:51:66-121
service#cn.jpush.android.service.PushService
ADDED from platforms\android\AndroidManifest.xml:52:9-59:19
	android:enabled
		ADDED from platforms\android\AndroidManifest.xml:52:18-40
	android:process
		ADDED from platforms\android\AndroidManifest.xml:52:118-143
	android:exported
		ADDED from platforms\android\AndroidManifest.xml:52:41-65
	android:name
		ADDED from platforms\android\AndroidManifest.xml:52:66-117
intent-filter#cn.jpush.android.intent.PUSH_TIME+cn.jpush.android.intent.PushService+cn.jpush.android.intent.REGISTER+cn.jpush.android.intent.REPORT
ADDED from platforms\android\AndroidManifest.xml:53:13-58:29
action#cn.jpush.android.intent.REGISTER
ADDED from platforms\android\AndroidManifest.xml:54:17-75
	android:name
		ADDED from platforms\android\AndroidManifest.xml:54:25-72
action#cn.jpush.android.intent.REPORT
ADDED from platforms\android\AndroidManifest.xml:55:17-73
	android:name
		ADDED from platforms\android\AndroidManifest.xml:55:25-70
action#cn.jpush.android.intent.PushService
ADDED from platforms\android\AndroidManifest.xml:56:17-78
	android:name
		ADDED from platforms\android\AndroidManifest.xml:56:25-75
action#cn.jpush.android.intent.PUSH_TIME
ADDED from platforms\android\AndroidManifest.xml:57:17-76
	android:name
		ADDED from platforms\android\AndroidManifest.xml:57:25-73
receiver#cn.jpush.android.service.PushReceiver
ADDED from platforms\android\AndroidManifest.xml:60:9-74:20
	android:enabled
		ADDED from platforms\android\AndroidManifest.xml:60:19-41
	android:exported
		ADDED from platforms\android\AndroidManifest.xml:60:42-66
	android:name
		ADDED from platforms\android\AndroidManifest.xml:60:67-119
intent-filter#cn.jpush.android.intent.NOTIFICATION_RECEIVED_PROXY+com.YZSoft.gmapp
ADDED from platforms\android\AndroidManifest.xml:61:13-64:29
	android:priority
		ADDED from platforms\android\AndroidManifest.xml:61:28-51
action#cn.jpush.android.intent.NOTIFICATION_RECEIVED_PROXY
ADDED from platforms\android\AndroidManifest.xml:62:17-94
	android:name
		ADDED from platforms\android\AndroidManifest.xml:62:25-91
intent-filter#android.intent.action.USER_PRESENT+android.net.conn.CONNECTIVITY_CHANGE
ADDED from platforms\android\AndroidManifest.xml:65:13-68:29
action#android.intent.action.USER_PRESENT
ADDED from platforms\android\AndroidManifest.xml:66:17-77
	android:name
		ADDED from platforms\android\AndroidManifest.xml:66:25-74
action#android.net.conn.CONNECTIVITY_CHANGE
ADDED from platforms\android\AndroidManifest.xml:67:17-79
	android:name
		ADDED from platforms\android\AndroidManifest.xml:67:25-76
intent-filter#android.intent.action.PACKAGE_ADDED+android.intent.action.PACKAGE_REMOVED
ADDED from platforms\android\AndroidManifest.xml:69:13-73:29
action#android.intent.action.PACKAGE_ADDED
ADDED from platforms\android\AndroidManifest.xml:70:17-78
	android:name
		ADDED from platforms\android\AndroidManifest.xml:70:25-75
action#android.intent.action.PACKAGE_REMOVED
ADDED from platforms\android\AndroidManifest.xml:71:17-80
	android:name
		ADDED from platforms\android\AndroidManifest.xml:71:25-77
service#cn.jpush.android.service.DaemonService
ADDED from platforms\android\AndroidManifest.xml:75:9-80:19
	android:enabled
		ADDED from platforms\android\AndroidManifest.xml:75:18-40
	android:exported
		ADDED from platforms\android\AndroidManifest.xml:75:41-64
	android:name
		ADDED from platforms\android\AndroidManifest.xml:75:65-118
intent-filter#cn.jpush.android.intent.DaemonService+com.YZSoft.gmapp
ADDED from platforms\android\AndroidManifest.xml:76:13-79:29
action#cn.jpush.android.intent.DaemonService
ADDED from platforms\android\AndroidManifest.xml:77:17-80
	android:name
		ADDED from platforms\android\AndroidManifest.xml:77:25-77
receiver#cn.jiguang.cordova.push.MyReceiver
ADDED from platforms\android\AndroidManifest.xml:81:9-95:20
	android:enabled
		ADDED from platforms\android\AndroidManifest.xml:81:19-41
	android:name
		ADDED from platforms\android\AndroidManifest.xml:81:42-91
intent-filter#cn.jpush.android.intent.ACTION_RICHPUSH_CALLBACK+cn.jpush.android.intent.MESSAGE_RECEIVED+cn.jpush.android.intent.NOTIFICATION_OPENED+cn.jpush.android.intent.NOTIFICATION_RECEIVED+cn.jpush.android.intent.REGISTRATION+cn.jpush.android.intent.UNREGISTRATION+com.YZSoft.gmapp
ADDED from platforms\android\AndroidManifest.xml:86:13-94:29
action#cn.jpush.android.intent.REGISTRATION
ADDED from platforms\android\AndroidManifest.xml:87:17-79
	android:name
		ADDED from platforms\android\AndroidManifest.xml:87:25-76
action#cn.jpush.android.intent.UNREGISTRATION
ADDED from platforms\android\AndroidManifest.xml:88:17-81
	android:name
		ADDED from platforms\android\AndroidManifest.xml:88:25-78
action#cn.jpush.android.intent.MESSAGE_RECEIVED
ADDED from platforms\android\AndroidManifest.xml:89:17-83
	android:name
		ADDED from platforms\android\AndroidManifest.xml:89:25-80
action#cn.jpush.android.intent.NOTIFICATION_RECEIVED
ADDED from platforms\android\AndroidManifest.xml:90:17-88
	android:name
		ADDED from platforms\android\AndroidManifest.xml:90:25-85
action#cn.jpush.android.intent.NOTIFICATION_OPENED
ADDED from platforms\android\AndroidManifest.xml:91:17-86
	android:name
		ADDED from platforms\android\AndroidManifest.xml:91:25-83
action#cn.jpush.android.intent.ACTION_RICHPUSH_CALLBACK
ADDED from platforms\android\AndroidManifest.xml:92:17-91
	android:name
		ADDED from platforms\android\AndroidManifest.xml:92:25-88
receiver#cn.jpush.android.service.AlarmReceiver
ADDED from platforms\android\AndroidManifest.xml:96:9-100
	android:exported
		ADDED from platforms\android\AndroidManifest.xml:96:19-43
	android:name
		ADDED from platforms\android\AndroidManifest.xml:96:44-97
meta-data#JPUSH_CHANNEL
ADDED from platforms\android\AndroidManifest.xml:97:9-85
	android:value
		ADDED from platforms\android\AndroidManifest.xml:97:49-82
	android:name
		ADDED from platforms\android\AndroidManifest.xml:97:20-48
meta-data#JPUSH_APPKEY
ADDED from platforms\android\AndroidManifest.xml:98:9-91
	android:value
		ADDED from platforms\android\AndroidManifest.xml:98:48-88
	android:name
		ADDED from platforms\android\AndroidManifest.xml:98:20-47
activity#com.adobe.phonegap.push.PushHandlerActivity
ADDED from platforms\android\AndroidManifest.xml:99:9-104
	android:exported
		ADDED from platforms\android\AndroidManifest.xml:99:19-42
	android:name
		ADDED from platforms\android\AndroidManifest.xml:99:43-101
receiver#com.adobe.phonegap.push.BackgroundActionButtonHandler
ADDED from platforms\android\AndroidManifest.xml:100:9-90
	android:name
		ADDED from platforms\android\AndroidManifest.xml:100:19-87
receiver#com.google.android.gms.gcm.GcmReceiver
ADDED from platforms\android\AndroidManifest.xml:101:9-106:20
	android:exported
		ADDED from platforms\android\AndroidManifest.xml:101:19-42
	android:permission
		ADDED from platforms\android\AndroidManifest.xml:101:97-157
	android:name
		ADDED from platforms\android\AndroidManifest.xml:101:43-96
intent-filter#${applicationId}+com.google.android.c2dm.intent.RECEIVE
ADDED from platforms\android\AndroidManifest.xml:102:13-105:29
action#com.google.android.c2dm.intent.RECEIVE
ADDED from platforms\android\AndroidManifest.xml:103:17-81
	android:name
		ADDED from platforms\android\AndroidManifest.xml:103:25-78
category#${applicationId}
ADDED from platforms\android\AndroidManifest.xml:104:17-61
	android:name
		ADDED from platforms\android\AndroidManifest.xml:104:27-58
		INJECTED from platforms\android\AndroidManifest.xml
service#com.adobe.phonegap.push.GCMIntentService
ADDED from platforms\android\AndroidManifest.xml:107:9-111:19
	android:exported
		ADDED from platforms\android\AndroidManifest.xml:107:18-42
	android:name
		ADDED from platforms\android\AndroidManifest.xml:107:43-98
intent-filter#com.google.android.c2dm.intent.RECEIVE
ADDED from platforms\android\AndroidManifest.xml:108:13-110:29
service#com.adobe.phonegap.push.PushInstanceIDListenerService
ADDED from platforms\android\AndroidManifest.xml:112:9-116:19
	android:exported
		ADDED from platforms\android\AndroidManifest.xml:112:18-42
	android:name
		ADDED from platforms\android\AndroidManifest.xml:112:43-111
intent-filter#com.google.android.gms.iid.InstanceID
ADDED from platforms\android\AndroidManifest.xml:113:13-115:29
action#com.google.android.gms.iid.InstanceID
ADDED from platforms\android\AndroidManifest.xml:114:17-80
	android:name
		ADDED from platforms\android\AndroidManifest.xml:114:25-77
service#com.adobe.phonegap.push.RegistrationIntentService
ADDED from platforms\android\AndroidManifest.xml:117:9-110
	android:exported
		ADDED from platforms\android\AndroidManifest.xml:117:18-42
	android:name
		ADDED from platforms\android\AndroidManifest.xml:117:43-107
uses-sdk
ADDED from platforms\android\AndroidManifest.xml:119:5-74
MERGED from [:barcodescanner:] AndroidManifest.xml:7:5-9:41
MERGED from [com.github.ergovia-mobile:android-transcoder:v0.1.10R_ergovia] AndroidManifest.xml:5:5-7:41
MERGED from [:openDefault-2.0.3:] AndroidManifest.xml:7:5-9:41
MERGED from [com.android.support:support-v13:23.4.0] AndroidManifest.xml:20:5-44
MERGED from [com.android.support:support-v4:26.0.0] AndroidManifest.xml:21:5-23:54
MERGED from [com.android.support:support-compat:26.0.0] AndroidManifest.xml:21:5-23:58
MERGED from [com.android.support:support-media-compat:26.0.0] AndroidManifest.xml:21:5-23:63
MERGED from [com.android.support:support-core-utils:26.0.0] AndroidManifest.xml:21:5-23:61
MERGED from [com.android.support:support-core-ui:26.0.0] AndroidManifest.xml:21:5-23:58
MERGED from [com.android.support:support-fragment:26.0.0] AndroidManifest.xml:21:5-23:60
MERGED from [com.google.android.gms:play-services-gcm:9.0.2] AndroidManifest.xml:18:5-42
MERGED from [com.google.android.gms:play-services-base:9.0.2] AndroidManifest.xml:18:5-42
MERGED from [com.google.android.gms:play-services-basement:9.0.2] AndroidManifest.xml:18:5-42
MERGED from [com.google.firebase:firebase-common:9.0.2] AndroidManifest.xml:4:5-43
MERGED from [com.google.android.gms:play-services-tasks:9.0.2] AndroidManifest.xml:4:5-43
MERGED from [com.google.android.gms:play-services-iid:9.0.2] AndroidManifest.xml:18:5-42
MERGED from [me.leolin:ShortcutBadger:1.1.4] AndroidManifest.xml:7:5-9:41
MERGED from [android:CordovaLib:unspecified:debug] AndroidManifest.xml:25:5-44
	tools:overrideLibrary
		ADDED from [com.android.support:support-v4:26.0.0] AndroidManifest.xml:23:9-51
	android:targetSdkVersion
		ADDED from platforms\android\AndroidManifest.xml:119:42-71
	android:minSdkVersion
		ADDED from platforms\android\AndroidManifest.xml:119:15-41
		INJECTED from platforms\android\AndroidManifest.xml
		INJECTED from platforms\android\AndroidManifest.xml
uses-permission#android.permission.WRITE_EXTERNAL_STORAGE
ADDED from platforms\android\AndroidManifest.xml:120:5-81
	android:name
		ADDED from platforms\android\AndroidManifest.xml:120:22-78
uses-permission#android.permission.READ_CONTACTS
ADDED from platforms\android\AndroidManifest.xml:121:5-72
	android:name
		ADDED from platforms\android\AndroidManifest.xml:121:22-69
uses-permission#android.permission.WRITE_CONTACTS
ADDED from platforms\android\AndroidManifest.xml:122:5-73
	android:name
		ADDED from platforms\android\AndroidManifest.xml:122:22-70
uses-permission#android.permission.GET_ACCOUNTS
ADDED from platforms\android\AndroidManifest.xml:123:5-71
	android:name
		ADDED from platforms\android\AndroidManifest.xml:123:22-68
uses-permission#android.permission.ACCESS_COARSE_LOCATION
ADDED from platforms\android\AndroidManifest.xml:124:5-81
	android:name
		ADDED from platforms\android\AndroidManifest.xml:124:22-78
uses-permission#android.permission.ACCESS_FINE_LOCATION
ADDED from platforms\android\AndroidManifest.xml:125:5-79
	android:name
		ADDED from platforms\android\AndroidManifest.xml:125:22-76
uses-feature#android.hardware.location.gps
ADDED from platforms\android\AndroidManifest.xml:126:5-66
	android:name
		ADDED from platforms\android\AndroidManifest.xml:126:19-63
uses-permission#android.permission.RECORD_AUDIO
ADDED from platforms\android\AndroidManifest.xml:127:5-71
	android:name
		ADDED from platforms\android\AndroidManifest.xml:127:22-68
uses-permission#android.permission.MODIFY_AUDIO_SETTINGS
ADDED from platforms\android\AndroidManifest.xml:128:5-80
	android:name
		ADDED from platforms\android\AndroidManifest.xml:128:22-77
uses-permission#android.permission.RECORD_VIDEO
ADDED from platforms\android\AndroidManifest.xml:129:5-71
	android:name
		ADDED from platforms\android\AndroidManifest.xml:129:22-68
uses-permission#android.permission.CAMERA
ADDED from platforms\android\AndroidManifest.xml:130:5-65
	android:name
		ADDED from platforms\android\AndroidManifest.xml:130:22-62
uses-permission#android.permission.FLASHLIGHT
ADDED from platforms\android\AndroidManifest.xml:131:5-69
	android:name
		ADDED from platforms\android\AndroidManifest.xml:131:22-66
uses-feature#android.hardware.camera
ADDED from platforms\android\AndroidManifest.xml:132:5-84
	android:required
		ADDED from platforms\android\AndroidManifest.xml:132:58-81
	android:name
		ADDED from platforms\android\AndroidManifest.xml:132:19-57
uses-permission#android.permission.ACCESS_WIFI_STATE
ADDED from platforms\android\AndroidManifest.xml:133:5-76
	android:name
		ADDED from platforms\android\AndroidManifest.xml:133:22-73
uses-permission#com.YZSoft.gmapp.permission.JPUSH_MESSAGE
ADDED from platforms\android\AndroidManifest.xml:134:5-81
	android:name
		ADDED from platforms\android\AndroidManifest.xml:134:22-78
uses-permission#android.permission.RECEIVE_USER_PRESENT
ADDED from platforms\android\AndroidManifest.xml:135:5-79
	android:name
		ADDED from platforms\android\AndroidManifest.xml:135:22-76
uses-permission#android.permission.READ_PHONE_STATE
ADDED from platforms\android\AndroidManifest.xml:136:5-75
	android:name
		ADDED from platforms\android\AndroidManifest.xml:136:22-72
uses-permission#android.permission.READ_EXTERNAL_STORAGE
ADDED from platforms\android\AndroidManifest.xml:137:5-80
	android:name
		ADDED from platforms\android\AndroidManifest.xml:137:22-77
uses-permission#android.permission.MOUNT_UNMOUNT_FILESYSTEMS
ADDED from platforms\android\AndroidManifest.xml:138:5-84
	android:name
		ADDED from platforms\android\AndroidManifest.xml:138:22-81
uses-permission#android.permission.SYSTEM_ALERT_WINDOW
ADDED from platforms\android\AndroidManifest.xml:139:5-78
	android:name
		ADDED from platforms\android\AndroidManifest.xml:139:22-75
uses-permission#android.permission.WRITE_SETTINGS
ADDED from platforms\android\AndroidManifest.xml:140:5-73
	android:name
		ADDED from platforms\android\AndroidManifest.xml:140:22-70
permission#com.YZSoft.gmapp.permission.JPUSH_MESSAGE
ADDED from platforms\android\AndroidManifest.xml:141:5-112
	android:protectionLevel
		ADDED from platforms\android\AndroidManifest.xml:141:74-109
	android:name
		ADDED from platforms\android\AndroidManifest.xml:141:17-73
uses-permission#android.permission.INTERNET
ADDED from platforms\android\AndroidManifest.xml:142:5-67
MERGED from [com.google.android.gms:play-services-gcm:9.0.2] AndroidManifest.xml:22:5-67
MERGED from [com.google.android.gms:play-services-iid:9.0.2] AndroidManifest.xml:22:5-67
	android:name
		ADDED from platforms\android\AndroidManifest.xml:142:22-64
uses-permission#android.permission.ACCESS_NETWORK_STATE
ADDED from platforms\android\AndroidManifest.xml:143:5-79
	android:name
		ADDED from platforms\android\AndroidManifest.xml:143:22-76
uses-permission#android.permission.WAKE_LOCK
ADDED from platforms\android\AndroidManifest.xml:144:5-68
	android:name
		ADDED from platforms\android\AndroidManifest.xml:144:22-65
uses-permission#android.permission.VIBRATE
ADDED from platforms\android\AndroidManifest.xml:145:5-66
	android:name
		ADDED from platforms\android\AndroidManifest.xml:145:22-63
uses-permission#com.google.android.c2dm.permission.RECEIVE
ADDED from platforms\android\AndroidManifest.xml:146:5-82
MERGED from [com.google.android.gms:play-services-gcm:9.0.2] AndroidManifest.xml:21:5-82
MERGED from [com.google.android.gms:play-services-iid:9.0.2] AndroidManifest.xml:21:5-82
	android:name
		ADDED from platforms\android\AndroidManifest.xml:146:22-79
uses-permission#${applicationId}.permission.C2D_MESSAGE
ADDED from platforms\android\AndroidManifest.xml:147:5-79
	android:name
		ADDED from platforms\android\AndroidManifest.xml:147:22-76
		INJECTED from platforms\android\AndroidManifest.xml
permission#${applicationId}.permission.C2D_MESSAGE
ADDED from platforms\android\AndroidManifest.xml:148:5-110
	android:protectionLevel
		ADDED from platforms\android\AndroidManifest.xml:148:72-107
	android:name
		ADDED from platforms\android\AndroidManifest.xml:148:17-71
		INJECTED from platforms\android\AndroidManifest.xml
uses-permission#android.permission.BLUETOOTH
ADDED from platforms\android\AndroidManifest.xml:149:5-68
	android:name
		ADDED from platforms\android\AndroidManifest.xml:149:22-65
uses-permission#android.permission.BLUETOOTH_ADMIN
ADDED from platforms\android\AndroidManifest.xml:150:5-74
	android:name
		ADDED from platforms\android\AndroidManifest.xml:150:22-71
activity#com.sina.weibo.sdk.web.WeiboSdkWebActivity
ADDED from [:openDefault-2.0.3:] AndroidManifest.xml:12:9-17:20
	android:exported
		ADDED from [:openDefault-2.0.3:] AndroidManifest.xml:15:13-37
	android:windowSoftInputMode
		ADDED from [:openDefault-2.0.3:] AndroidManifest.xml:16:13-55
	android:configChanges
		ADDED from [:openDefault-2.0.3:] AndroidManifest.xml:14:13-63
	android:name
		ADDED from [:openDefault-2.0.3:] AndroidManifest.xml:13:13-70
activity#com.sina.weibo.sdk.share.WbShareTransActivity
ADDED from [:openDefault-2.0.3:] AndroidManifest.xml:18:9-27:20
	android:launchMode
		ADDED from [:openDefault-2.0.3:] AndroidManifest.xml:20:13-44
	android:theme
		ADDED from [:openDefault-2.0.3:] AndroidManifest.xml:21:13-83
	android:name
		ADDED from [:openDefault-2.0.3:] AndroidManifest.xml:19:13-73
intent-filter#android.intent.category.DEFAULT+com.sina.weibo.sdk.action.ACTION_SDK_REQ_ACTIVITY
ADDED from [:openDefault-2.0.3:] AndroidManifest.xml:22:13-26:29
action#com.sina.weibo.sdk.action.ACTION_SDK_REQ_ACTIVITY
ADDED from [:openDefault-2.0.3:] AndroidManifest.xml:23:17-92
	android:name
		ADDED from [:openDefault-2.0.3:] AndroidManifest.xml:23:25-89
meta-data#android.support.VERSION
ADDED from [com.android.support:support-v4:26.0.0] AndroidManifest.xml:26:9-28:38
MERGED from [com.android.support:support-compat:26.0.0] AndroidManifest.xml:26:9-28:38
MERGED from [com.android.support:support-media-compat:26.0.0] AndroidManifest.xml:26:9-28:38
MERGED from [com.android.support:support-core-utils:26.0.0] AndroidManifest.xml:26:9-28:38
MERGED from [com.android.support:support-core-ui:26.0.0] AndroidManifest.xml:26:9-28:38
MERGED from [com.android.support:support-fragment:26.0.0] AndroidManifest.xml:26:9-28:38
	android:value
		ADDED from [com.android.support:support-v4:26.0.0] AndroidManifest.xml:28:13-35
	android:name
		ADDED from [com.android.support:support-v4:26.0.0] AndroidManifest.xml:27:13-51
activity#com.google.android.gms.common.api.GoogleApiActivity
ADDED from [com.google.android.gms:play-services-base:9.0.2] AndroidManifest.xml:20:9-22:45
	android:exported